2018-05-24 12:12:40,242 +0530 [main] INFO  (ElasticSearchService.java:39) - ElasticSearch Database connected
2018-05-24 12:15:00,148 +0530 [main] INFO  (ElasticSearchService.java:40) - ElasticSearch Database connected
2018-05-24 12:15:49,595 +0530 [main] INFO  (ElasticSearchService.java:40) - ElasticSearch Database connected
2018-05-24 12:15:49,825 +0530 [main] INFO  (ElasticSearchService.java:72) - Index tmethod added.
2018-05-24 12:15:49,827 +0530 [main] INFO  (ElasticSearchService.java:223) - Database Connection Closed
2018-05-24 12:18:56,599 +0530 [main] INFO  (ElasticSearchService.java:40) - ElasticSearch Database connected
2018-05-24 12:18:56,819 +0530 [main] INFO  (ElasticSearchService.java:72) - Index method added.
2018-05-24 12:18:56,821 +0530 [main] INFO  (ElasticSearchService.java:223) - Database Connection Closed
2018-05-24 12:19:39,347 +0530 [main] INFO  (ElasticSearchService.java:40) - ElasticSearch Database connected
2018-05-24 12:19:39,418 +0530 [main] INFO  (ElasticSearchService.java:75) - Index already exists.
2018-05-24 12:19:42,561 +0530 [main] INFO  (ElasticSearchService.java:223) - Database Connection Closed
2018-05-24 14:44:04,647 +0530 [main] ERROR (AnalyseMethod.java:11) - java.io.IOException: No Arguments Provided
2018-05-24 14:44:59,431 +0530 [main] INFO  (ElasticSearchService.java:40) - ElasticSearch Database connected
2018-05-24 14:44:59,650 +0530 [main] INFO  (ElasticSearchService.java:72) - Index static added.
2018-05-24 14:44:59,711 +0530 [main] INFO  (AnalyseMethod.java:36) - Source explored and added to database
2018-05-24 14:44:59,713 +0530 [main] INFO  (ElasticSearchService.java:220) - Database Connection Closed
2018-05-24 14:46:49,748 +0530 [main] INFO  (ElasticSearchService.java:40) - ElasticSearch Database connected
2018-05-24 14:46:49,805 +0530 [main] INFO  (ElasticSearchService.java:75) - Index already exists.
2018-05-24 14:46:49,947 +0530 [main] INFO  (AnalyseMethod.java:36) - Source explored and added to database
2018-05-24 14:46:49,950 +0530 [main] INFO  (ElasticSearchService.java:220) - Database Connection Closed
2018-05-24 15:17:35,880 +0530 [main] INFO  (ElasticSearchService.java:40) - ElasticSearch Database connected
2018-05-24 15:17:36,158 +0530 [main] INFO  (ElasticSearchService.java:72) - Index methods2 added.
2018-05-24 15:18:30,591 +0530 [main] INFO  (AnalyseMethod.java:36) - Source explored and added to database
2018-05-24 15:18:30,593 +0530 [main] INFO  (ElasticSearchService.java:220) - Database Connection Closed
2018-05-24 15:38:34,449 +0530 [main] INFO  (ElasticSearchService.java:42) - ElasticSearch Database connected
2018-05-24 15:38:34,666 +0530 [main] INFO  (ElasticSearchService.java:75) - Index methods2 added.
2018-05-24 15:38:54,012 +0530 [main] INFO  (AnalyseMethod.java:36) - Source explored and added to database
2018-05-24 15:38:54,018 +0530 [main] INFO  (ElasticSearchService.java:238) - Database Connection Closed
2018-05-24 15:39:49,518 +0530 [main] INFO  (ElasticSearchService.java:42) - ElasticSearch Database connected
2018-05-24 15:39:49,576 +0530 [main] INFO  (ElasticSearchService.java:78) - Index already exists.
2018-05-24 15:40:07,479 +0530 [main] INFO  (AnalyseMethod.java:36) - Source explored and added to database
2018-05-24 15:40:09,311 +0530 [main] INFO  (ElasticSearchService.java:241) - Database Connection Closed
